<?xml version="1.0" encoding="UTF-8"?>
<!-- Generated by org.testng.reporters.JUnitReportReporter -->
<testsuite hostname="Dadslove" failures="0" tests="1" name="quess.NewTest" time="17.745" errors="0" timestamp="2023-04-24T13:27:56 IST" skipped="0">
  <testcase classname="quess.NewTest" name="f" time="17.745"/>
  <system-out/>
</testsuite> <!-- quess.NewTest -->
